<?xml version="1.0" encoding="UTF-8"?>
<!-- Generated by org.testng.reporters.JUnitXMLReporter -->
<testsuite hostname="LAAHABANA.local" name="Test" tests="2" failures="1" timestamp="7 Mar 2016 19:29:57 GMT" time="15.53" errors="0">
  <testcase name="test" time="9.178" classname="com.ahabana.Main"/>
  <testcase name="test" time="6.336" classname="com.ahabana.Main">
    <failure type="java.lang.AssertionError" message="null">
      <![CDATA[java.lang.AssertionError: null
	at com.ahabana.Browser.validateCamry(Browser.java:82)
	at com.ahabana.Main.test(Main.java:19)
... Removed 25 stack frames]]>
    </failure>
  </testcase> <!-- test -->
</testsuite> <!-- Test -->
