<?xml version="1.0" encoding="UTF-8"?>
<testng-results skipped="0" failed="1" total="77" passed="76">
  <reporter-output>
  </reporter-output>
  <suite name="Demo" duration-ms="266446" started-at="2016-03-08T04:59:19Z" finished-at="2016-03-08T05:03:46Z">
    <groups>
    </groups>
    <test name="Test" duration-ms="266446" started-at="2016-03-08T04:59:19Z" finished-at="2016-03-08T05:03:46Z">
      <class name="com.ahabana.Main">
        <test-method status="FAIL" signature="test(java.lang.String)[pri:0, instance:com.ahabana.Main@5965d37]" name="test" duration-ms="20066" started-at="2016-03-07T20:59:19Z" data-provider="getData" finished-at="2016-03-07T20:59:39Z">
          <params>
            <param index="0">
              <value>
                <![CDATA[00000]]>
              </value>
            </param>
          </params>
          <exception class="java.lang.AssertionError">
            <message>
              <![CDATA[null]]>
            </message>
            <full-stacktrace>
              <![CDATA[java.lang.AssertionError: null
	at org.testng.Assert.fail(Assert.java:94)
	at org.testng.Assert.fail(Assert.java:101)
	at com.ahabana.Browser.validateCamry(Browser.java:57)
	at com.ahabana.Main.test(Main.java:19)
	at sun.reflect.NativeMethodAccessorImpl.invoke0(Native Method)
	at sun.reflect.NativeMethodAccessorImpl.invoke(NativeMethodAccessorImpl.java:62)
	at sun.reflect.DelegatingMethodAccessorImpl.invoke(DelegatingMethodAccessorImpl.java:43)
	at java.lang.reflect.Method.invoke(Method.java:497)
	at org.testng.internal.MethodInvocationHelper.invokeMethod(MethodInvocationHelper.java:86)
	at org.testng.internal.Invoker.invokeMethod(Invoker.java:643)
	at org.testng.internal.Invoker.invokeTestMethod(Invoker.java:820)
	at org.testng.internal.Invoker.invokeTestMethods(Invoker.java:1128)
	at org.testng.internal.TestMethodWorker.invokeTestMethods(TestMethodWorker.java:129)
	at org.testng.internal.TestMethodWorker.run(TestMethodWorker.java:112)
	at org.testng.TestRunner.privateRun(TestRunner.java:782)
	at org.testng.TestRunner.run(TestRunner.java:632)
	at org.testng.SuiteRunner.runTest(SuiteRunner.java:366)
	at org.testng.SuiteRunner.runSequentially(SuiteRunner.java:361)
	at org.testng.SuiteRunner.privateRun(SuiteRunner.java:319)
	at org.testng.SuiteRunner.run(SuiteRunner.java:268)
	at org.testng.SuiteRunnerWorker.runSuite(SuiteRunnerWorker.java:52)
	at org.testng.SuiteRunnerWorker.run(SuiteRunnerWorker.java:86)
	at org.testng.TestNG.runSuitesSequentially(TestNG.java:1244)
	at org.testng.TestNG.runSuitesLocally(TestNG.java:1169)
	at org.testng.TestNG.run(TestNG.java:1064)
	at org.testng.TestNG.privateMain(TestNG.java:1385)
	at org.testng.TestNG.main(TestNG.java:1354)
]]>
            </full-stacktrace>
          </exception> <!-- java.lang.AssertionError -->
          <reporter-output>
          </reporter-output>
        </test-method> <!-- test -->
        <test-method status="PASS" signature="test(java.lang.String)[pri:0, instance:com.ahabana.Main@5965d37]" name="test" duration-ms="3608" started-at="2016-03-07T20:59:39Z" data-provider="getData" finished-at="2016-03-07T20:59:43Z">
          <params>
            <param index="0">
              <value>
                <![CDATA[90245]]>
              </value>
            </param>
          </params>
          <reporter-output>
          </reporter-output>
        </test-method> <!-- test -->
        <test-method status="PASS" signature="test(java.lang.String)[pri:0, instance:com.ahabana.Main@5965d37]" name="test" duration-ms="1696" started-at="2016-03-07T20:59:43Z" data-provider="getData" finished-at="2016-03-07T20:59:45Z">
          <params>
            <param index="0">
              <value>
                <![CDATA[90250]]>
              </value>
            </param>
          </params>
          <reporter-output>
          </reporter-output>
        </test-method> <!-- test -->
        <test-method status="PASS" signature="test(java.lang.String)[pri:0, instance:com.ahabana.Main@5965d37]" name="test" duration-ms="1597" started-at="2016-03-07T20:59:45Z" data-provider="getData" finished-at="2016-03-07T20:59:46Z">
          <params>
            <param index="0">
              <value>
                <![CDATA[90251]]>
              </value>
            </param>
          </params>
          <reporter-output>
          </reporter-output>
        </test-method> <!-- test -->
        <test-method status="PASS" signature="test(java.lang.String)[pri:0, instance:com.ahabana.Main@5965d37]" name="test" duration-ms="1722" started-at="2016-03-07T20:59:46Z" data-provider="getData" finished-at="2016-03-07T20:59:48Z">
          <params>
            <param index="0">
              <value>
                <![CDATA[90254]]>
              </value>
            </param>
          </params>
          <reporter-output>
          </reporter-output>
        </test-method> <!-- test -->
        <test-method status="PASS" signature="test(java.lang.String)[pri:0, instance:com.ahabana.Main@5965d37]" name="test" duration-ms="1699" started-at="2016-03-07T20:59:48Z" data-provider="getData" finished-at="2016-03-07T20:59:50Z">
          <params>
            <param index="0">
              <value>
                <![CDATA[90260]]>
              </value>
            </param>
          </params>
          <reporter-output>
          </reporter-output>
        </test-method> <!-- test -->
        <test-method status="PASS" signature="test(java.lang.String)[pri:0, instance:com.ahabana.Main@5965d37]" name="test" duration-ms="1691" started-at="2016-03-07T20:59:50Z" data-provider="getData" finished-at="2016-03-07T20:59:52Z">
          <params>
            <param index="0">
              <value>
                <![CDATA[90261]]>
              </value>
            </param>
          </params>
          <reporter-output>
          </reporter-output>
        </test-method> <!-- test -->
        <test-method status="PASS" signature="test(java.lang.String)[pri:0, instance:com.ahabana.Main@5965d37]" name="test" duration-ms="1683" started-at="2016-03-07T20:59:52Z" data-provider="getData" finished-at="2016-03-07T20:59:53Z">
          <params>
            <param index="0">
              <value>
                <![CDATA[90266]]>
              </value>
            </param>
          </params>
          <reporter-output>
          </reporter-output>
        </test-method> <!-- test -->
        <test-method status="PASS" signature="test(java.lang.String)[pri:0, instance:com.ahabana.Main@5965d37]" name="test" duration-ms="2425" started-at="2016-03-07T20:59:53Z" data-provider="getData" finished-at="2016-03-07T20:59:56Z">
          <params>
            <param index="0">
              <value>
                <![CDATA[90267]]>
              </value>
            </param>
          </params>
          <reporter-output>
          </reporter-output>
        </test-method> <!-- test -->
        <test-method status="PASS" signature="test(java.lang.String)[pri:0, instance:com.ahabana.Main@5965d37]" name="test" duration-ms="1827" started-at="2016-03-07T20:59:56Z" data-provider="getData" finished-at="2016-03-07T20:59:57Z">
          <params>
            <param index="0">
              <value>
                <![CDATA[90277]]>
              </value>
            </param>
          </params>
          <reporter-output>
          </reporter-output>
        </test-method> <!-- test -->
        <test-method status="PASS" signature="test(java.lang.String)[pri:0, instance:com.ahabana.Main@5965d37]" name="test" duration-ms="1980" started-at="2016-03-07T20:59:57Z" data-provider="getData" finished-at="2016-03-07T20:59:59Z">
          <params>
            <param index="0">
              <value>
                <![CDATA[90278]]>
              </value>
            </param>
          </params>
          <reporter-output>
          </reporter-output>
        </test-method> <!-- test -->
        <test-method status="PASS" signature="test(java.lang.String)[pri:0, instance:com.ahabana.Main@5965d37]" name="test" duration-ms="1991" started-at="2016-03-07T20:59:59Z" data-provider="getData" finished-at="2016-03-07T21:00:01Z">
          <params>
            <param index="0">
              <value>
                <![CDATA[90304]]>
              </value>
            </param>
          </params>
          <reporter-output>
          </reporter-output>
        </test-method> <!-- test -->
        <test-method status="PASS" signature="test(java.lang.String)[pri:0, instance:com.ahabana.Main@5965d37]" name="test" duration-ms="1601" started-at="2016-03-07T21:00:01Z" data-provider="getData" finished-at="2016-03-07T21:00:03Z">
          <params>
            <param index="0">
              <value>
                <![CDATA[90310]]>
              </value>
            </param>
          </params>
          <reporter-output>
          </reporter-output>
        </test-method> <!-- test -->
        <test-method status="PASS" signature="test(java.lang.String)[pri:0, instance:com.ahabana.Main@5965d37]" name="test" duration-ms="2269" started-at="2016-03-07T21:00:03Z" data-provider="getData" finished-at="2016-03-07T21:00:05Z">
          <params>
            <param index="0">
              <value>
                <![CDATA[90503]]>
              </value>
            </param>
          </params>
          <reporter-output>
          </reporter-output>
        </test-method> <!-- test -->
        <test-method status="PASS" signature="test(java.lang.String)[pri:0, instance:com.ahabana.Main@5965d37]" name="test" duration-ms="1647" started-at="2016-03-07T21:00:05Z" data-provider="getData" finished-at="2016-03-07T21:00:07Z">
          <params>
            <param index="0">
              <value>
                <![CDATA[90504]]>
              </value>
            </param>
          </params>
          <reporter-output>
          </reporter-output>
        </test-method> <!-- test -->
        <test-method status="PASS" signature="test(java.lang.String)[pri:0, instance:com.ahabana.Main@5965d37]" name="test" duration-ms="2196" started-at="2016-03-07T21:00:07Z" data-provider="getData" finished-at="2016-03-07T21:00:09Z">
          <params>
            <param index="0">
              <value>
                <![CDATA[90509]]>
              </value>
            </param>
          </params>
          <reporter-output>
          </reporter-output>
        </test-method> <!-- test -->
        <test-method status="PASS" signature="test(java.lang.String)[pri:0, instance:com.ahabana.Main@5965d37]" name="test" duration-ms="2317" started-at="2016-03-07T21:00:09Z" data-provider="getData" finished-at="2016-03-07T21:00:11Z">
          <params>
            <param index="0">
              <value>
                <![CDATA[90510]]>
              </value>
            </param>
          </params>
          <reporter-output>
          </reporter-output>
        </test-method> <!-- test -->
        <test-method status="PASS" signature="test(java.lang.String)[pri:0, instance:com.ahabana.Main@5965d37]" name="test" duration-ms="1946" started-at="2016-03-07T21:00:11Z" data-provider="getData" finished-at="2016-03-07T21:00:13Z">
          <params>
            <param index="0">
              <value>
                <![CDATA[90742]]>
              </value>
            </param>
          </params>
          <reporter-output>
          </reporter-output>
        </test-method> <!-- test -->
        <test-method status="PASS" signature="test(java.lang.String)[pri:0, instance:com.ahabana.Main@5965d37]" name="test" duration-ms="1843" started-at="2016-03-07T21:00:13Z" data-provider="getData" finished-at="2016-03-07T21:00:15Z">
          <params>
            <param index="0">
              <value>
                <![CDATA[90743]]>
              </value>
            </param>
          </params>
          <reporter-output>
          </reporter-output>
        </test-method> <!-- test -->
        <test-method status="PASS" signature="test(java.lang.String)[pri:0, instance:com.ahabana.Main@5965d37]" name="test" duration-ms="3377" started-at="2016-03-07T21:00:15Z" data-provider="getData" finished-at="2016-03-07T21:00:19Z">
          <params>
            <param index="0">
              <value>
                <![CDATA[92003]]>
              </value>
            </param>
          </params>
          <reporter-output>
          </reporter-output>
        </test-method> <!-- test -->
        <test-method status="PASS" signature="test(java.lang.String)[pri:0, instance:com.ahabana.Main@5965d37]" name="test" duration-ms="1681" started-at="2016-03-07T21:00:19Z" data-provider="getData" finished-at="2016-03-07T21:00:20Z">
          <params>
            <param index="0">
              <value>
                <![CDATA[92003]]>
              </value>
            </param>
          </params>
          <reporter-output>
          </reporter-output>
        </test-method> <!-- test -->
        <test-method status="PASS" signature="test(java.lang.String)[pri:0, instance:com.ahabana.Main@5965d37]" name="test" duration-ms="3910" started-at="2016-03-07T21:00:20Z" data-provider="getData" finished-at="2016-03-07T21:00:24Z">
          <params>
            <param index="0">
              <value>
                <![CDATA[92007]]>
              </value>
            </param>
          </params>
          <reporter-output>
          </reporter-output>
        </test-method> <!-- test -->
        <test-method status="PASS" signature="test(java.lang.String)[pri:0, instance:com.ahabana.Main@5965d37]" name="test" duration-ms="4402" started-at="2016-03-07T21:00:24Z" data-provider="getData" finished-at="2016-03-07T21:00:29Z">
          <params>
            <param index="0">
              <value>
                <![CDATA[92008]]>
              </value>
            </param>
          </params>
          <reporter-output>
          </reporter-output>
        </test-method> <!-- test -->
        <test-method status="PASS" signature="test(java.lang.String)[pri:0, instance:com.ahabana.Main@5965d37]" name="test" duration-ms="2214" started-at="2016-03-07T21:00:29Z" data-provider="getData" finished-at="2016-03-07T21:00:31Z">
          <params>
            <param index="0">
              <value>
                <![CDATA[92009]]>
              </value>
            </param>
          </params>
          <reporter-output>
          </reporter-output>
        </test-method> <!-- test -->
        <test-method status="PASS" signature="test(java.lang.String)[pri:0, instance:com.ahabana.Main@5965d37]" name="test" duration-ms="59362" started-at="2016-03-07T21:00:31Z" data-provider="getData" finished-at="2016-03-07T21:01:30Z">
          <params>
            <param index="0">
              <value>
                <![CDATA[92010]]>
              </value>
            </param>
          </params>
          <reporter-output>
          </reporter-output>
        </test-method> <!-- test -->
        <test-method status="PASS" signature="test(java.lang.String)[pri:0, instance:com.ahabana.Main@5965d37]" name="test" duration-ms="1850" started-at="2016-03-07T21:01:30Z" data-provider="getData" finished-at="2016-03-07T21:01:32Z">
          <params>
            <param index="0">
              <value>
                <![CDATA[92011]]>
              </value>
            </param>
          </params>
          <reporter-output>
          </reporter-output>
        </test-method> <!-- test -->
        <test-method status="PASS" signature="test(java.lang.String)[pri:0, instance:com.ahabana.Main@5965d37]" name="test" duration-ms="2719" started-at="2016-03-07T21:01:32Z" data-provider="getData" finished-at="2016-03-07T21:01:35Z">
          <params>
            <param index="0">
              <value>
                <![CDATA[92013]]>
              </value>
            </param>
          </params>
          <reporter-output>
          </reporter-output>
        </test-method> <!-- test -->
        <test-method status="PASS" signature="test(java.lang.String)[pri:0, instance:com.ahabana.Main@5965d37]" name="test" duration-ms="1770" started-at="2016-03-07T21:01:35Z" data-provider="getData" finished-at="2016-03-07T21:01:37Z">
          <params>
            <param index="0">
              <value>
                <![CDATA[92014]]>
              </value>
            </param>
          </params>
          <reporter-output>
          </reporter-output>
        </test-method> <!-- test -->
        <test-method status="PASS" signature="test(java.lang.String)[pri:0, instance:com.ahabana.Main@5965d37]" name="test" duration-ms="1465" started-at="2016-03-07T21:01:37Z" data-provider="getData" finished-at="2016-03-07T21:01:38Z">
          <params>
            <param index="0">
              <value>
                <![CDATA[92018]]>
              </value>
            </param>
          </params>
          <reporter-output>
          </reporter-output>
        </test-method> <!-- test -->
        <test-method status="PASS" signature="test(java.lang.String)[pri:0, instance:com.ahabana.Main@5965d37]" name="test" duration-ms="2294" started-at="2016-03-07T21:01:38Z" data-provider="getData" finished-at="2016-03-07T21:01:40Z">
          <params>
            <param index="0">
              <value>
                <![CDATA[92023]]>
              </value>
            </param>
          </params>
          <reporter-output>
          </reporter-output>
        </test-method> <!-- test -->
        <test-method status="PASS" signature="test(java.lang.String)[pri:0, instance:com.ahabana.Main@5965d37]" name="test" duration-ms="1801" started-at="2016-03-07T21:01:40Z" data-provider="getData" finished-at="2016-03-07T21:01:42Z">
          <params>
            <param index="0">
              <value>
                <![CDATA[92024]]>
              </value>
            </param>
          </params>
          <reporter-output>
          </reporter-output>
        </test-method> <!-- test -->
        <test-method status="PASS" signature="test(java.lang.String)[pri:0, instance:com.ahabana.Main@5965d37]" name="test" duration-ms="1701" started-at="2016-03-07T21:01:42Z" data-provider="getData" finished-at="2016-03-07T21:01:44Z">
          <params>
            <param index="0">
              <value>
                <![CDATA[92028]]>
              </value>
            </param>
          </params>
          <reporter-output>
          </reporter-output>
        </test-method> <!-- test -->
        <test-method status="PASS" signature="test(java.lang.String)[pri:0, instance:com.ahabana.Main@5965d37]" name="test" duration-ms="2280" started-at="2016-03-07T21:01:44Z" data-provider="getData" finished-at="2016-03-07T21:01:46Z">
          <params>
            <param index="0">
              <value>
                <![CDATA[92029]]>
              </value>
            </param>
          </params>
          <reporter-output>
          </reporter-output>
        </test-method> <!-- test -->
        <test-method status="PASS" signature="test(java.lang.String)[pri:0, instance:com.ahabana.Main@5965d37]" name="test" duration-ms="1685" started-at="2016-03-07T21:01:46Z" data-provider="getData" finished-at="2016-03-07T21:01:48Z">
          <params>
            <param index="0">
              <value>
                <![CDATA[92049]]>
              </value>
            </param>
          </params>
          <reporter-output>
          </reporter-output>
        </test-method> <!-- test -->
        <test-method status="PASS" signature="test(java.lang.String)[pri:0, instance:com.ahabana.Main@5965d37]" name="test" duration-ms="1913" started-at="2016-03-07T21:01:48Z" data-provider="getData" finished-at="2016-03-07T21:01:50Z">
          <params>
            <param index="0">
              <value>
                <![CDATA[92051]]>
              </value>
            </param>
          </params>
          <reporter-output>
          </reporter-output>
        </test-method> <!-- test -->
        <test-method status="PASS" signature="test(java.lang.String)[pri:0, instance:com.ahabana.Main@5965d37]" name="test" duration-ms="1507" started-at="2016-03-07T21:01:50Z" data-provider="getData" finished-at="2016-03-07T21:01:51Z">
          <params>
            <param index="0">
              <value>
                <![CDATA[92052]]>
              </value>
            </param>
          </params>
          <reporter-output>
          </reporter-output>
        </test-method> <!-- test -->
        <test-method status="PASS" signature="test(java.lang.String)[pri:0, instance:com.ahabana.Main@5965d37]" name="test" duration-ms="1743" started-at="2016-03-07T21:01:51Z" data-provider="getData" finished-at="2016-03-07T21:01:53Z">
          <params>
            <param index="0">
              <value>
                <![CDATA[92054]]>
              </value>
            </param>
          </params>
          <reporter-output>
          </reporter-output>
        </test-method> <!-- test -->
        <test-method status="PASS" signature="test(java.lang.String)[pri:0, instance:com.ahabana.Main@5965d37]" name="test" duration-ms="2534" started-at="2016-03-07T21:01:53Z" data-provider="getData" finished-at="2016-03-07T21:01:55Z">
          <params>
            <param index="0">
              <value>
                <![CDATA[92055]]>
              </value>
            </param>
          </params>
          <reporter-output>
          </reporter-output>
        </test-method> <!-- test -->
        <test-method status="PASS" signature="test(java.lang.String)[pri:0, instance:com.ahabana.Main@5965d37]" name="test" duration-ms="1929" started-at="2016-03-07T21:01:55Z" data-provider="getData" finished-at="2016-03-07T21:01:57Z">
          <params>
            <param index="0">
              <value>
                <![CDATA[92056]]>
              </value>
            </param>
          </params>
          <reporter-output>
          </reporter-output>
        </test-method> <!-- test -->
        <test-method status="PASS" signature="test(java.lang.String)[pri:0, instance:com.ahabana.Main@5965d37]" name="test" duration-ms="3572" started-at="2016-03-07T21:01:57Z" data-provider="getData" finished-at="2016-03-07T21:02:01Z">
          <params>
            <param index="0">
              <value>
                <![CDATA[92057]]>
              </value>
            </param>
          </params>
          <reporter-output>
          </reporter-output>
        </test-method> <!-- test -->
        <test-method status="PASS" signature="test(java.lang.String)[pri:0, instance:com.ahabana.Main@5965d37]" name="test" duration-ms="3398" started-at="2016-03-07T21:02:01Z" data-provider="getData" finished-at="2016-03-07T21:02:04Z">
          <params>
            <param index="0">
              <value>
                <![CDATA[92058]]>
              </value>
            </param>
          </params>
          <reporter-output>
          </reporter-output>
        </test-method> <!-- test -->
        <test-method status="PASS" signature="test(java.lang.String)[pri:0, instance:com.ahabana.Main@5965d37]" name="test" duration-ms="8009" started-at="2016-03-07T21:02:04Z" data-provider="getData" finished-at="2016-03-07T21:02:12Z">
          <params>
            <param index="0">
              <value>
                <![CDATA[92067]]>
              </value>
            </param>
          </params>
          <reporter-output>
          </reporter-output>
        </test-method> <!-- test -->
        <test-method status="PASS" signature="test(java.lang.String)[pri:0, instance:com.ahabana.Main@5965d37]" name="test" duration-ms="1730" started-at="2016-03-07T21:02:12Z" data-provider="getData" finished-at="2016-03-07T21:02:14Z">
          <params>
            <param index="0">
              <value>
                <![CDATA[92068]]>
              </value>
            </param>
          </params>
          <reporter-output>
          </reporter-output>
        </test-method> <!-- test -->
        <test-method status="PASS" signature="test(java.lang.String)[pri:0, instance:com.ahabana.Main@5965d37]" name="test" duration-ms="2496" started-at="2016-03-07T21:02:14Z" data-provider="getData" finished-at="2016-03-07T21:02:17Z">
          <params>
            <param index="0">
              <value>
                <![CDATA[92075]]>
              </value>
            </param>
          </params>
          <reporter-output>
          </reporter-output>
        </test-method> <!-- test -->
        <test-method status="PASS" signature="test(java.lang.String)[pri:0, instance:com.ahabana.Main@5965d37]" name="test" duration-ms="1962" started-at="2016-03-07T21:02:17Z" data-provider="getData" finished-at="2016-03-07T21:02:19Z">
          <params>
            <param index="0">
              <value>
                <![CDATA[92078]]>
              </value>
            </param>
          </params>
          <reporter-output>
          </reporter-output>
        </test-method> <!-- test -->
        <test-method status="PASS" signature="test(java.lang.String)[pri:0, instance:com.ahabana.Main@5965d37]" name="test" duration-ms="1771" started-at="2016-03-07T21:02:19Z" data-provider="getData" finished-at="2016-03-07T21:02:20Z">
          <params>
            <param index="0">
              <value>
                <![CDATA[92081]]>
              </value>
            </param>
          </params>
          <reporter-output>
          </reporter-output>
        </test-method> <!-- test -->
        <test-method status="PASS" signature="test(java.lang.String)[pri:0, instance:com.ahabana.Main@5965d37]" name="test" duration-ms="1733" started-at="2016-03-07T21:02:20Z" data-provider="getData" finished-at="2016-03-07T21:02:22Z">
          <params>
            <param index="0">
              <value>
                <![CDATA[92083]]>
              </value>
            </param>
          </params>
          <reporter-output>
          </reporter-output>
        </test-method> <!-- test -->
        <test-method status="PASS" signature="test(java.lang.String)[pri:0, instance:com.ahabana.Main@5965d37]" name="test" duration-ms="2083" started-at="2016-03-07T21:02:22Z" data-provider="getData" finished-at="2016-03-07T21:02:24Z">
          <params>
            <param index="0">
              <value>
                <![CDATA[92084]]>
              </value>
            </param>
          </params>
          <reporter-output>
          </reporter-output>
        </test-method> <!-- test -->
        <test-method status="PASS" signature="test(java.lang.String)[pri:0, instance:com.ahabana.Main@5965d37]" name="test" duration-ms="2136" started-at="2016-03-07T21:02:24Z" data-provider="getData" finished-at="2016-03-07T21:02:26Z">
          <params>
            <param index="0">
              <value>
                <![CDATA[92085]]>
              </value>
            </param>
          </params>
          <reporter-output>
          </reporter-output>
        </test-method> <!-- test -->
        <test-method status="PASS" signature="test(java.lang.String)[pri:0, instance:com.ahabana.Main@5965d37]" name="test" duration-ms="1860" started-at="2016-03-07T21:02:26Z" data-provider="getData" finished-at="2016-03-07T21:02:28Z">
          <params>
            <param index="0">
              <value>
                <![CDATA[92088]]>
              </value>
            </param>
          </params>
          <reporter-output>
          </reporter-output>
        </test-method> <!-- test -->
        <test-method status="PASS" signature="test(java.lang.String)[pri:0, instance:com.ahabana.Main@5965d37]" name="test" duration-ms="1699" started-at="2016-03-07T21:02:28Z" data-provider="getData" finished-at="2016-03-07T21:02:30Z">
          <params>
            <param index="0">
              <value>
                <![CDATA[92091]]>
              </value>
            </param>
          </params>
          <reporter-output>
          </reporter-output>
        </test-method> <!-- test -->
        <test-method status="PASS" signature="test(java.lang.String)[pri:0, instance:com.ahabana.Main@5965d37]" name="test" duration-ms="5005" started-at="2016-03-07T21:02:30Z" data-provider="getData" finished-at="2016-03-07T21:02:35Z">
          <params>
            <param index="0">
              <value>
                <![CDATA[92536]]>
              </value>
            </param>
          </params>
          <reporter-output>
          </reporter-output>
        </test-method> <!-- test -->
        <test-method status="PASS" signature="test(java.lang.String)[pri:0, instance:com.ahabana.Main@5965d37]" name="test" duration-ms="1679" started-at="2016-03-07T21:02:35Z" data-provider="getData" finished-at="2016-03-07T21:02:37Z">
          <params>
            <param index="0">
              <value>
                <![CDATA[92543]]>
              </value>
            </param>
          </params>
          <reporter-output>
          </reporter-output>
        </test-method> <!-- test -->
        <test-method status="PASS" signature="test(java.lang.String)[pri:0, instance:com.ahabana.Main@5965d37]" name="test" duration-ms="1639" started-at="2016-03-07T21:02:37Z" data-provider="getData" finished-at="2016-03-07T21:02:38Z">
          <params>
            <param index="0">
              <value>
                <![CDATA[92544]]>
              </value>
            </param>
          </params>
          <reporter-output>
          </reporter-output>
        </test-method> <!-- test -->
        <test-method status="PASS" signature="test(java.lang.String)[pri:0, instance:com.ahabana.Main@5965d37]" name="test" duration-ms="2365" started-at="2016-03-07T21:02:38Z" data-provider="getData" finished-at="2016-03-07T21:02:41Z">
          <params>
            <param index="0">
              <value>
                <![CDATA[92545]]>
              </value>
            </param>
          </params>
          <reporter-output>
          </reporter-output>
        </test-method> <!-- test -->
        <test-method status="PASS" signature="test(java.lang.String)[pri:0, instance:com.ahabana.Main@5965d37]" name="test" duration-ms="5226" started-at="2016-03-07T21:02:41Z" data-provider="getData" finished-at="2016-03-07T21:02:46Z">
          <params>
            <param index="0">
              <value>
                <![CDATA[92546]]>
              </value>
            </param>
          </params>
          <reporter-output>
          </reporter-output>
        </test-method> <!-- test -->
        <test-method status="PASS" signature="test(java.lang.String)[pri:0, instance:com.ahabana.Main@5965d37]" name="test" duration-ms="1745" started-at="2016-03-07T21:02:46Z" data-provider="getData" finished-at="2016-03-07T21:02:47Z">
          <params>
            <param index="0">
              <value>
                <![CDATA[92562]]>
              </value>
            </param>
          </params>
          <reporter-output>
          </reporter-output>
        </test-method> <!-- test -->
        <test-method status="PASS" signature="test(java.lang.String)[pri:0, instance:com.ahabana.Main@5965d37]" name="test" duration-ms="4144" started-at="2016-03-07T21:02:47Z" data-provider="getData" finished-at="2016-03-07T21:02:52Z">
          <params>
            <param index="0">
              <value>
                <![CDATA[92563]]>
              </value>
            </param>
          </params>
          <reporter-output>
          </reporter-output>
        </test-method> <!-- test -->
        <test-method status="PASS" signature="test(java.lang.String)[pri:0, instance:com.ahabana.Main@5965d37]" name="test" duration-ms="2392" started-at="2016-03-07T21:02:52Z" data-provider="getData" finished-at="2016-03-07T21:02:54Z">
          <params>
            <param index="0">
              <value>
                <![CDATA[92564]]>
              </value>
            </param>
          </params>
          <reporter-output>
          </reporter-output>
        </test-method> <!-- test -->
        <test-method status="PASS" signature="test(java.lang.String)[pri:0, instance:com.ahabana.Main@5965d37]" name="test" duration-ms="1782" started-at="2016-03-07T21:02:54Z" data-provider="getData" finished-at="2016-03-07T21:02:56Z">
          <params>
            <param index="0">
              <value>
                <![CDATA[92584]]>
              </value>
            </param>
          </params>
          <reporter-output>
          </reporter-output>
        </test-method> <!-- test -->
        <test-method status="PASS" signature="test(java.lang.String)[pri:0, instance:com.ahabana.Main@5965d37]" name="test" duration-ms="3666" started-at="2016-03-07T21:02:56Z" data-provider="getData" finished-at="2016-03-07T21:02:59Z">
          <params>
            <param index="0">
              <value>
                <![CDATA[92589]]>
              </value>
            </param>
          </params>
          <reporter-output>
          </reporter-output>
        </test-method> <!-- test -->
        <test-method status="PASS" signature="test(java.lang.String)[pri:0, instance:com.ahabana.Main@5965d37]" name="test" duration-ms="3025" started-at="2016-03-07T21:02:59Z" data-provider="getData" finished-at="2016-03-07T21:03:02Z">
          <params>
            <param index="0">
              <value>
                <![CDATA[92590]]>
              </value>
            </param>
          </params>
          <reporter-output>
          </reporter-output>
        </test-method> <!-- test -->
        <test-method status="PASS" signature="test(java.lang.String)[pri:0, instance:com.ahabana.Main@5965d37]" name="test" duration-ms="2792" started-at="2016-03-07T21:03:02Z" data-provider="getData" finished-at="2016-03-07T21:03:05Z">
          <params>
            <param index="0">
              <value>
                <![CDATA[92591]]>
              </value>
            </param>
          </params>
          <reporter-output>
          </reporter-output>
        </test-method> <!-- test -->
        <test-method status="PASS" signature="test(java.lang.String)[pri:0, instance:com.ahabana.Main@5965d37]" name="test" duration-ms="2582" started-at="2016-03-07T21:03:05Z" data-provider="getData" finished-at="2016-03-07T21:03:08Z">
          <params>
            <param index="0">
              <value>
                <![CDATA[92592]]>
              </value>
            </param>
          </params>
          <reporter-output>
          </reporter-output>
        </test-method> <!-- test -->
        <test-method status="PASS" signature="test(java.lang.String)[pri:0, instance:com.ahabana.Main@5965d37]" name="test" duration-ms="2015" started-at="2016-03-07T21:03:08Z" data-provider="getData" finished-at="2016-03-07T21:03:10Z">
          <params>
            <param index="0">
              <value>
                <![CDATA[92593]]>
              </value>
            </param>
          </params>
          <reporter-output>
          </reporter-output>
        </test-method> <!-- test -->
        <test-method status="PASS" signature="test(java.lang.String)[pri:0, instance:com.ahabana.Main@5965d37]" name="test" duration-ms="2069" started-at="2016-03-07T21:03:10Z" data-provider="getData" finished-at="2016-03-07T21:03:12Z">
          <params>
            <param index="0">
              <value>
                <![CDATA[92595]]>
              </value>
            </param>
          </params>
          <reporter-output>
          </reporter-output>
        </test-method> <!-- test -->
        <test-method status="PASS" signature="test(java.lang.String)[pri:0, instance:com.ahabana.Main@5965d37]" name="test" duration-ms="2929" started-at="2016-03-07T21:03:12Z" data-provider="getData" finished-at="2016-03-07T21:03:15Z">
          <params>
            <param index="0">
              <value>
                <![CDATA[92596]]>
              </value>
            </param>
          </params>
          <reporter-output>
          </reporter-output>
        </test-method> <!-- test -->
        <test-method status="PASS" signature="test(java.lang.String)[pri:0, instance:com.ahabana.Main@5965d37]" name="test" duration-ms="5459" started-at="2016-03-07T21:03:15Z" data-provider="getData" finished-at="2016-03-07T21:03:20Z">
          <params>
            <param index="0">
              <value>
                <![CDATA[92605]]>
              </value>
            </param>
          </params>
          <reporter-output>
          </reporter-output>
        </test-method> <!-- test -->
        <test-method status="PASS" signature="test(java.lang.String)[pri:0, instance:com.ahabana.Main@5965d37]" name="test" duration-ms="2729" started-at="2016-03-07T21:03:20Z" data-provider="getData" finished-at="2016-03-07T21:03:23Z">
          <params>
            <param index="0">
              <value>
                <![CDATA[92615]]>
              </value>
            </param>
          </params>
          <reporter-output>
          </reporter-output>
        </test-method> <!-- test -->
        <test-method status="PASS" signature="test(java.lang.String)[pri:0, instance:com.ahabana.Main@5965d37]" name="test" duration-ms="2383" started-at="2016-03-07T21:03:23Z" data-provider="getData" finished-at="2016-03-07T21:03:25Z">
          <params>
            <param index="0">
              <value>
                <![CDATA[92646]]>
              </value>
            </param>
          </params>
          <reporter-output>
          </reporter-output>
        </test-method> <!-- test -->
        <test-method status="PASS" signature="test(java.lang.String)[pri:0, instance:com.ahabana.Main@5965d37]" name="test" duration-ms="2428" started-at="2016-03-07T21:03:25Z" data-provider="getData" finished-at="2016-03-07T21:03:28Z">
          <params>
            <param index="0">
              <value>
                <![CDATA[92647]]>
              </value>
            </param>
          </params>
          <reporter-output>
          </reporter-output>
        </test-method> <!-- test -->
        <test-method status="PASS" signature="test(java.lang.String)[pri:0, instance:com.ahabana.Main@5965d37]" name="test" duration-ms="1580" started-at="2016-03-07T21:03:28Z" data-provider="getData" finished-at="2016-03-07T21:03:29Z">
          <params>
            <param index="0">
              <value>
                <![CDATA[92648]]>
              </value>
            </param>
          </params>
          <reporter-output>
          </reporter-output>
        </test-method> <!-- test -->
        <test-method status="PASS" signature="test(java.lang.String)[pri:0, instance:com.ahabana.Main@5965d37]" name="test" duration-ms="2192" started-at="2016-03-07T21:03:29Z" data-provider="getData" finished-at="2016-03-07T21:03:32Z">
          <params>
            <param index="0">
              <value>
                <![CDATA[92649]]>
              </value>
            </param>
          </params>
          <reporter-output>
          </reporter-output>
        </test-method> <!-- test -->
        <test-method status="PASS" signature="test(java.lang.String)[pri:0, instance:com.ahabana.Main@5965d37]" name="test" duration-ms="2404" started-at="2016-03-07T21:03:32Z" data-provider="getData" finished-at="2016-03-07T21:03:34Z">
          <params>
            <param index="0">
              <value>
                <![CDATA[92672]]>
              </value>
            </param>
          </params>
          <reporter-output>
          </reporter-output>
        </test-method> <!-- test -->
        <test-method status="PASS" signature="test(java.lang.String)[pri:0, instance:com.ahabana.Main@5965d37]" name="test" duration-ms="2227" started-at="2016-03-07T21:03:34Z" data-provider="getData" finished-at="2016-03-07T21:03:36Z">
          <params>
            <param index="0">
              <value>
                <![CDATA[92674]]>
              </value>
            </param>
          </params>
          <reporter-output>
          </reporter-output>
        </test-method> <!-- test -->
        <test-method status="PASS" signature="test(java.lang.String)[pri:0, instance:com.ahabana.Main@5965d37]" name="test" duration-ms="2664" started-at="2016-03-07T21:03:36Z" data-provider="getData" finished-at="2016-03-07T21:03:39Z">
          <params>
            <param index="0">
              <value>
                <![CDATA[92708]]>
              </value>
            </param>
          </params>
          <reporter-output>
          </reporter-output>
        </test-method> <!-- test -->
        <test-method status="PASS" signature="test(java.lang.String)[pri:0, instance:com.ahabana.Main@5965d37]" name="test" duration-ms="6903" started-at="2016-03-07T21:03:39Z" data-provider="getData" finished-at="2016-03-07T21:03:46Z">
          <params>
            <param index="0">
              <value>
                <![CDATA[92728]]>
              </value>
            </param>
          </params>
          <reporter-output>
          </reporter-output>
        </test-method> <!-- test -->
        <test-method status="PASS" signature="afterTest()[pri:0, instance:com.ahabana.Main@5965d37]" name="afterTest" is-config="true" duration-ms="10" started-at="2016-03-07T21:03:46Z" finished-at="2016-03-07T21:03:46Z">
          <reporter-output>
          </reporter-output>
        </test-method> <!-- afterTest -->
      </class> <!-- com.ahabana.Main -->
    </test> <!-- Test -->
  </suite> <!-- Demo -->
</testng-results>
